<?xml version="1.0" encoding="UTF-8"?>
<!-- Generated by org.testng.reporters.JUnitReportReporter -->
<testsuite hostname="DESKTOP-V1T4GQ5" name="com.trackstar.tests.TestClass" tests="1" failures="0" timestamp="10 Feb 2019 12:42:41 GMT" time="37.108" errors="0">
  <testcase name="test" time="37.108" classname="com.trackstar.tests.TestClass"/>
</testsuite> <!-- com.trackstar.tests.TestClass -->
